<?xml version="1.0" encoding="UTF-8"?>
<!-- Generated by org.testng.reporters.JUnitXMLReporter -->
<testsuite hostname="LAPTOP-1433CJAI" name="Test" tests="4" failures="0" timestamp="24 Apr 2016 14:16:30 GMT" time="0.044" errors="0">
  <testcase name="getCbz" time="0.002" classname="first.ParkingBike"/>
  <testcase name="getFz" time="0.0" classname="first.ParkingBike"/>
  <testcase name="getSplendor" time="0.0" classname="first.ParkingBike"/>
  <testcase name="getShine" time="0.0" classname="first.ParkingBike"/>
</testsuite> <!-- Test -->
