<?xml version="1.0" encoding="UTF-8"?>
<!-- Generated by org.testng.reporters.JUnitXMLReporter -->
<testsuite hostname="LAPTOP-1433CJAI" name="Default test" tests="4" failures="0" timestamp="24 Apr 2016 06:49:49 GMT" time="0.047" errors="0">
  <testcase name="getHonda" time="0.007" classname="first.Check"/>
  <testcase name="getChevor" time="0.001" classname="first.Check"/>
  <testcase name="getFord" time="0.002" classname="first.Check"/>
  <testcase name="getHyundai" time="0.002" classname="first.Check"/>
</testsuite> <!-- Default test -->
