<?xml version="1.0" encoding="UTF-8"?>
<testng-results skipped="0" failed="0" total="1" passed="1">
  <reporter-output>
  </reporter-output>
  <suite name="Suite" duration-ms="12" started-at="2016-04-25T03:39:05Z" finished-at="2016-04-25T03:39:05Z">
    <groups>
    </groups>
    <test name="Test" duration-ms="12" started-at="2016-04-25T03:39:05Z" finished-at="2016-04-25T03:39:05Z">
      <class name="zenkins.NewTest">
        <test-method status="PASS" signature="beforeSuite()[pri:0, instance:zenkins.NewTest@3aa9e816]" name="beforeSuite" is-config="true" duration-ms="15" started-at="2016-04-25T09:09:05Z" finished-at="2016-04-25T09:09:05Z">
          <reporter-output>
          </reporter-output>
        </test-method> <!-- beforeSuite -->
        <test-method status="PASS" signature="beforeTest()[pri:0, instance:zenkins.NewTest@3aa9e816]" name="beforeTest" is-config="true" duration-ms="0" started-at="2016-04-25T09:09:05Z" finished-at="2016-04-25T09:09:05Z">
          <reporter-output>
          </reporter-output>
        </test-method> <!-- beforeTest -->
        <test-method status="PASS" signature="beforeClass()[pri:0, instance:zenkins.NewTest@3aa9e816]" name="beforeClass" is-config="true" duration-ms="0" started-at="2016-04-25T09:09:05Z" finished-at="2016-04-25T09:09:05Z">
          <reporter-output>
          </reporter-output>
        </test-method> <!-- beforeClass -->
        <test-method status="PASS" signature="f()[pri:0, instance:zenkins.NewTest@3aa9e816]" name="f" duration-ms="1" started-at="2016-04-25T09:09:05Z" finished-at="2016-04-25T09:09:05Z">
          <reporter-output>
          </reporter-output>
        </test-method> <!-- f -->
        <test-method status="PASS" signature="beforeMethod()[pri:0, instance:zenkins.NewTest@3aa9e816]" name="beforeMethod" is-config="true" duration-ms="0" started-at="2016-04-25T09:09:05Z" finished-at="2016-04-25T09:09:05Z">
          <reporter-output>
          </reporter-output>
        </test-method> <!-- beforeMethod -->
        <test-method status="PASS" signature="afterMethod()[pri:0, instance:zenkins.NewTest@3aa9e816]" name="afterMethod" is-config="true" duration-ms="0" started-at="2016-04-25T09:09:05Z" finished-at="2016-04-25T09:09:05Z">
          <reporter-output>
          </reporter-output>
        </test-method> <!-- afterMethod -->
        <test-method status="PASS" signature="afterClass()[pri:0, instance:zenkins.NewTest@3aa9e816]" name="afterClass" is-config="true" duration-ms="0" started-at="2016-04-25T09:09:05Z" finished-at="2016-04-25T09:09:05Z">
          <reporter-output>
          </reporter-output>
        </test-method> <!-- afterClass -->
        <test-method status="PASS" signature="afterTest()[pri:0, instance:zenkins.NewTest@3aa9e816]" name="afterTest" is-config="true" duration-ms="0" started-at="2016-04-25T09:09:05Z" finished-at="2016-04-25T09:09:05Z">
          <reporter-output>
          </reporter-output>
        </test-method> <!-- afterTest -->
        <test-method status="PASS" signature="afterSuite()[pri:0, instance:zenkins.NewTest@3aa9e816]" name="afterSuite" is-config="true" duration-ms="0" started-at="2016-04-25T09:09:05Z" finished-at="2016-04-25T09:09:05Z">
          <reporter-output>
          </reporter-output>
        </test-method> <!-- afterSuite -->
      </class> <!-- zenkins.NewTest -->
    </test> <!-- Test -->
  </suite> <!-- Suite -->
</testng-results>
